#
# There is insufficient memory for the Java Runtime Environment to continue.
# Native memory allocation (mmap) failed to map 141557760 bytes. Error detail: G1 virtual space
# Possible reasons:
#   The system is out of physical RAM or swap space
#   This process is running with CompressedOops enabled, and the Java Heap may be blocking the growth of the native heap
# Possible solutions:
#   Reduce memory load on the system
#   Increase physical memory or swap space
#   Check if swap backing store is full
#   Decrease Java heap size (-Xmx/-Xms)
#   Decrease number of Java threads
#   Decrease Java thread stack sizes (-Xss)
#   Set larger code cache with -XX:ReservedCodeCacheSize=
#   JVM is running with Unscaled Compressed Oops mode in which the Java heap is
#     placed in the first 4GB address space. The Java Heap base address is the
#     maximum limit for the native heap growth. Please use -XX:HeapBaseMinAddress
#     to set the Java Heap base and to place the Java Heap above 4GB virtual address.
# This output file may be truncated or incomplete.
#
#  Out of Memory Error (os_windows.cpp:3825), pid=8120, tid=6704
#
# JRE version: OpenJDK Runtime Environment (17.0.11) (build 17.0.11+0--11852314)
# Java VM: OpenJDK 64-Bit Server VM (17.0.11+0--11852314, mixed mode, tiered, compressed oops, compressed class ptrs, g1 gc, windows-amd64)
# No core dump will be written. Minidumps are not enabled by default on client versions of Windows
#

---------------  S U M M A R Y ------------

Command Line: org.jetbrains.kotlin.cli.jvm.K2JVMCompiler @D:\AndroidSDK\projects\Test3\app\build\20240907_1662715586389560966.compiler.options

Host: Intel(R) Core(TM) i5-1035G7 CPU @ 1.20GHz, 8 cores, 7G,  Windows 11 , 64 bit Build 22621 (10.0.22621.2215)
Time: Sat Sep  7 14:12:31 2024 ora legale Europa occidentale elapsed time: 11.685444 seconds (0d 0h 0m 11s)

---------------  T H R E A D  ---------------

Current thread (0x00000250e4c84220):  VMThread "VM Thread" [stack: 0x000000fc94400000,0x000000fc94500000] [id=6704]

Stack: [0x000000fc94400000,0x000000fc94500000]
Native frames: (J=compiled Java code, j=interpreted, Vv=VM code, C=native code)
V  [jvm.dll+0x687bb9]
V  [jvm.dll+0x84142a]
V  [jvm.dll+0x8430ae]
V  [jvm.dll+0x843713]
V  [jvm.dll+0x24a35f]
V  [jvm.dll+0x684989]
V  [jvm.dll+0x67923a]
V  [jvm.dll+0x30af0b]
V  [jvm.dll+0x3123b6]
V  [jvm.dll+0x361dfe]
V  [jvm.dll+0x36202f]
V  [jvm.dll+0x2e0d38]
V  [jvm.dll+0x2df144]
V  [jvm.dll+0x2de74c]
V  [jvm.dll+0x32305b]
V  [jvm.dll+0x847e0b]
V  [jvm.dll+0x848b42]
V  [jvm.dll+0x84905d]
V  [jvm.dll+0x849434]
V  [jvm.dll+0x849500]
V  [jvm.dll+0x7efa4a]
V  [jvm.dll+0x686a35]
C  [ucrtbase.dll+0x29363]
C  [KERNEL32.DLL+0x1257d]
C  [ntdll.dll+0x5aa68]

VM_Operation (0x000000fc93efa170): G1CollectForAllocation, mode: safepoint, requested by thread 0x00000250cb1e47c0


---------------  P R O C E S S  ---------------

Threads class SMR info:
_java_thread_list=0x00000250e9eb7e00, length=13, elements={
0x00000250cb1e47c0, 0x00000250e4cbe260, 0x00000250e4c86aa0, 0x00000250e4ca5820,
0x00000250e4ca81f0, 0x00000250e4caafc0, 0x00000250e902e120, 0x00000250e902ed20,
0x00000250e902f6e0, 0x00000250e90306f0, 0x00000250e91d6330, 0x00000250e91e04d0,
0x00000250eab882f0
}

Java Threads: ( => current thread )
  0x00000250cb1e47c0 JavaThread "main" [_thread_blocked, id=2512, stack(0x000000fc93e00000,0x000000fc93f00000)]
  0x00000250e4cbe260 JavaThread "Reference Handler" daemon [_thread_blocked, id=23588, stack(0x000000fc94500000,0x000000fc94600000)]
  0x00000250e4c86aa0 JavaThread "Finalizer" daemon [_thread_blocked, id=11152, stack(0x000000fc94600000,0x000000fc94700000)]
  0x00000250e4ca5820 JavaThread "Signal Dispatcher" daemon [_thread_blocked, id=18244, stack(0x000000fc94700000,0x000000fc94800000)]
  0x00000250e4ca81f0 JavaThread "Attach Listener" daemon [_thread_blocked, id=12544, stack(0x000000fc94800000,0x000000fc94900000)]
  0x00000250e4caafc0 JavaThread "Service Thread" daemon [_thread_blocked, id=1952, stack(0x000000fc94900000,0x000000fc94a00000)]
  0x00000250e902e120 JavaThread "Monitor Deflation Thread" daemon [_thread_blocked, id=20256, stack(0x000000fc94a00000,0x000000fc94b00000)]
  0x00000250e902ed20 JavaThread "C2 CompilerThread0" daemon [_thread_blocked, id=9996, stack(0x000000fc94b00000,0x000000fc94c00000)]
  0x00000250e902f6e0 JavaThread "C1 CompilerThread0" daemon [_thread_blocked, id=21408, stack(0x000000fc94c00000,0x000000fc94d00000)]
  0x00000250e90306f0 JavaThread "Sweeper thread" daemon [_thread_blocked, id=18988, stack(0x000000fc94d00000,0x000000fc94e00000)]
  0x00000250e91d6330 JavaThread "Notification Thread" daemon [_thread_blocked, id=3632, stack(0x000000fc94e00000,0x000000fc94f00000)]
  0x00000250e91e04d0 JavaThread "Common-Cleaner" daemon [_thread_blocked, id=16728, stack(0x000000fc95000000,0x000000fc95100000)]
  0x00000250eab882f0 JavaThread "C2 CompilerThread1" daemon [_thread_in_native, id=14316, stack(0x000000fc95500000,0x000000fc95600000)]

Other Threads:
=>0x00000250e4c84220 VMThread "VM Thread" [stack: 0x000000fc94400000,0x000000fc94500000] [id=6704]
  0x00000250e91d7440 WatcherThread [stack: 0x000000fc94f00000,0x000000fc95000000] [id=24168]
  0x00000250cb23f070 GCTaskThread "GC Thread#0" [stack: 0x000000fc93f00000,0x000000fc94000000] [id=9636]
  0x00000250e97dc900 GCTaskThread "GC Thread#1" [stack: 0x000000fc95100000,0x000000fc95200000] [id=10796]
  0x00000250e97f6eb0 GCTaskThread "GC Thread#2" [stack: 0x000000fc95200000,0x000000fc95300000] [id=14204]
  0x00000250e97f7170 GCTaskThread "GC Thread#3" [stack: 0x000000fc95300000,0x000000fc95400000] [id=15144]
  0x00000250e97f7430 GCTaskThread "GC Thread#4" [stack: 0x000000fc95400000,0x000000fc95500000] [id=10324]
  0x00000250e9e06f40 GCTaskThread "GC Thread#5" [stack: 0x000000fc95600000,0x000000fc95700000] [id=1164]
  0x00000250e9f9b760 GCTaskThread "GC Thread#6" [stack: 0x000000fc95700000,0x000000fc95800000] [id=20592]
  0x00000250e9f9ba20 GCTaskThread "GC Thread#7" [stack: 0x000000fc95800000,0x000000fc95900000] [id=21632]
  0x00000250cb24f300 ConcurrentGCThread "G1 Main Marker" [stack: 0x000000fc94000000,0x000000fc94100000] [id=17540]
  0x00000250cb2504c0 ConcurrentGCThread "G1 Conc#0" [stack: 0x000000fc94100000,0x000000fc94200000] [id=18772]
  0x00000250e9f11020 ConcurrentGCThread "G1 Conc#1" [stack: 0x000000fc95900000,0x000000fc95a00000] [id=22972]
  0x00000250cb29e1d0 ConcurrentGCThread "G1 Refine#0" [stack: 0x000000fc94200000,0x000000fc94300000] [id=11060]
  0x00000250e991db20 ConcurrentGCThread "G1 Refine#1" [stack: 0x000000fc95a00000,0x000000fc95b00000] [id=18220]
  0x00000250e991e6e0 ConcurrentGCThread "G1 Refine#2" [stack: 0x000000fc95b00000,0x000000fc95c00000] [id=23432]
  0x00000250cb29ec00 ConcurrentGCThread "G1 Service" [stack: 0x000000fc94300000,0x000000fc94400000] [id=8288]

Threads with active compile tasks:
C2 CompilerThread0    11769 5210       4       org.jetbrains.kotlin.cli.jvm.index.JvmDependenciesIndexImpl::search (386 bytes)
C2 CompilerThread1    11769 5211       4       org.jetbrains.org.objectweb.asm.ClassReader::accept (1380 bytes)

VM state: at safepoint (normal execution)

VM Mutex/Monitor currently owned by a thread:  ([mutex/lock_event])
[0x00000250cb1e07c0] Threads_lock - owner thread: 0x00000250e4c84220
[0x00000250cb1e0190] Heap_lock - owner thread: 0x00000250cb1e47c0

Heap address: 0x0000000086600000, size: 1946 MB, Compressed Oops mode: 32-bit

CDS archive(s) not mapped
Compressed class space mapped at: 0x0000000100000000-0x0000000140000000, reserved size: 1073741824
Narrow klass base: 0x0000000000000000, Narrow klass shift: 3, Narrow klass range: 0x140000000

GC Precious Log:
 CPUs: 8 total, 8 available
 Memory: 7778M
 Large Page Support: Disabled
 NUMA Support: Disabled
 Compressed Oops: Enabled (32-bit)
 Heap Region Size: 1M
 Heap Min Capacity: 8M
 Heap Initial Capacity: 122M
 Heap Max Capacity: 1946M
 Pre-touch: Disabled
 Parallel Workers: 8
 Concurrent Workers: 2
 Concurrent Refinement Workers: 8
 Periodic GC: Disabled

Heap:
 garbage-first heap   total 128000K, used 63690K [0x0000000086600000, 0x0000000100000000)
  region size 1024K, 4 young (4096K), 4 survivors (4096K)
 Metaspace       used 53159K, committed 53376K, reserved 1114112K
  class space    used 6340K, committed 6464K, reserved 1048576K

Heap Regions: E=young(eden), S=young(survivor), O=old, HS=humongous(starts), HC=humongous(continues), CS=collection set, F=free, OA=open archive, CA=closed archive, TAMS=top-at-mark-start (previous, next)
|   0|0x0000000086600000, 0x0000000086700000, 0x0000000086700000|100%|HS|  |TAMS 0x0000000086700000, 0x0000000086600000| Complete 
|   1|0x0000000086700000, 0x0000000086800000, 0x0000000086800000|100%|HC|  |TAMS 0x0000000086800000, 0x0000000086700000| Complete 
|   2|0x0000000086800000, 0x0000000086900000, 0x0000000086900000|100%|HC|  |TAMS 0x0000000086900000, 0x0000000086800000| Complete 
|   3|0x0000000086900000, 0x0000000086a00000, 0x0000000086a00000|100%|HC|  |TAMS 0x0000000086a00000, 0x0000000086900000| Complete 
|   4|0x0000000086a00000, 0x0000000086b00000, 0x0000000086b00000|100%| O|  |TAMS 0x0000000086b00000, 0x0000000086a00000| Untracked 
|   5|0x0000000086b00000, 0x0000000086c00000, 0x0000000086c00000|100%| O|  |TAMS 0x0000000086c00000, 0x0000000086b00000| Untracked 
|   6|0x0000000086c00000, 0x0000000086d00000, 0x0000000086d00000|100%| O|  |TAMS 0x0000000086d00000, 0x0000000086c00000| Untracked 
|   7|0x0000000086d00000, 0x0000000086e00000, 0x0000000086e00000|100%| O|  |TAMS 0x0000000086e00000, 0x0000000086d00000| Untracked 
|   8|0x0000000086e00000, 0x0000000086f00000, 0x0000000086f00000|100%| O|  |TAMS 0x0000000086e00000, 0x0000000086e00000| Untracked 
|   9|0x0000000086f00000, 0x0000000087000000, 0x0000000087000000|100%| O|  |TAMS 0x0000000087000000, 0x0000000086f00000| Untracked 
|  10|0x0000000087000000, 0x0000000087100000, 0x0000000087100000|100%| O|  |TAMS 0x0000000087100000, 0x0000000087000000| Untracked 
|  11|0x0000000087100000, 0x0000000087200000, 0x0000000087200000|100%| O|  |TAMS 0x0000000087200000, 0x0000000087100000| Untracked 
|  12|0x0000000087200000, 0x0000000087300000, 0x0000000087300000|100%| O|  |TAMS 0x0000000087300000, 0x0000000087200000| Untracked 
|  13|0x0000000087300000, 0x0000000087400000, 0x0000000087400000|100%| O|  |TAMS 0x0000000087400000, 0x0000000087300000| Untracked 
|  14|0x0000000087400000, 0x0000000087500000, 0x0000000087500000|100%| O|  |TAMS 0x0000000087500000, 0x0000000087400000| Untracked 
|  15|0x0000000087500000, 0x0000000087600000, 0x0000000087600000|100%| O|  |TAMS 0x0000000087600000, 0x0000000087500000| Untracked 
|  16|0x0000000087600000, 0x0000000087700000, 0x0000000087700000|100%| O|  |TAMS 0x0000000087700000, 0x0000000087600000| Untracked 
|  17|0x0000000087700000, 0x0000000087800000, 0x0000000087800000|100%| O|  |TAMS 0x0000000087800000, 0x0000000087700000| Untracked 
|  18|0x0000000087800000, 0x0000000087900000, 0x0000000087900000|100%| O|  |TAMS 0x0000000087900000, 0x0000000087800000| Untracked 
|  19|0x0000000087900000, 0x0000000087a00000, 0x0000000087a00000|100%| O|  |TAMS 0x0000000087a00000, 0x0000000087900000| Untracked 
|  20|0x0000000087a00000, 0x0000000087b00000, 0x0000000087b00000|100%| O|  |TAMS 0x0000000087b00000, 0x0000000087a00000| Untracked 
|  21|0x0000000087b00000, 0x0000000087c00000, 0x0000000087c00000|100%| O|  |TAMS 0x0000000087c00000, 0x0000000087b00000| Untracked 
|  22|0x0000000087c00000, 0x0000000087d00000, 0x0000000087d00000|100%| O|  |TAMS 0x0000000087d00000, 0x0000000087c00000| Untracked 
|  23|0x0000000087d00000, 0x0000000087e00000, 0x0000000087e00000|100%| O|  |TAMS 0x0000000087e00000, 0x0000000087d00000| Untracked 
|  24|0x0000000087e00000, 0x0000000087f00000, 0x0000000087f00000|100%| O|  |TAMS 0x0000000087f00000, 0x0000000087e00000| Untracked 
|  25|0x0000000087f00000, 0x0000000088000000, 0x0000000088000000|100%| O|  |TAMS 0x0000000088000000, 0x0000000087f00000| Untracked 
|  26|0x0000000088000000, 0x0000000088100000, 0x0000000088100000|100%| O|  |TAMS 0x0000000088100000, 0x0000000088000000| Untracked 
|  27|0x0000000088100000, 0x0000000088200000, 0x0000000088200000|100%| O|  |TAMS 0x0000000088200000, 0x0000000088100000| Untracked 
|  28|0x0000000088200000, 0x0000000088300000, 0x0000000088300000|100%|HS|  |TAMS 0x0000000088300000, 0x0000000088200000| Complete 
|  29|0x0000000088300000, 0x0000000088400000, 0x0000000088400000|100%|HC|  |TAMS 0x0000000088400000, 0x0000000088300000| Complete 
|  30|0x0000000088400000, 0x0000000088500000, 0x0000000088500000|100%| O|  |TAMS 0x0000000088500000, 0x0000000088400000| Untracked 
|  31|0x0000000088500000, 0x0000000088600000, 0x0000000088600000|100%| O|  |TAMS 0x0000000088600000, 0x0000000088500000| Untracked 
|  32|0x0000000088600000, 0x0000000088700000, 0x0000000088700000|100%| O|  |TAMS 0x0000000088700000, 0x0000000088600000| Untracked 
|  33|0x0000000088700000, 0x0000000088800000, 0x0000000088800000|100%| O|  |TAMS 0x0000000088800000, 0x0000000088700000| Untracked 
|  34|0x0000000088800000, 0x0000000088900000, 0x0000000088900000|100%| O|  |TAMS 0x0000000088900000, 0x0000000088800000| Untracked 
|  35|0x0000000088900000, 0x0000000088a00000, 0x0000000088a00000|100%| O|  |TAMS 0x0000000088a00000, 0x0000000088900000| Untracked 
|  36|0x0000000088a00000, 0x0000000088b00000, 0x0000000088b00000|100%| O|  |TAMS 0x0000000088b00000, 0x0000000088a00000| Untracked 
|  37|0x0000000088b00000, 0x0000000088c00000, 0x0000000088c00000|100%| O|  |TAMS 0x0000000088c00000, 0x0000000088b00000| Untracked 
|  38|0x0000000088c00000, 0x0000000088d00000, 0x0000000088d00000|100%| O|  |TAMS 0x0000000088c00000, 0x0000000088c00000| Untracked 
|  39|0x0000000088d00000, 0x0000000088e00000, 0x0000000088e00000|100%|HS|  |TAMS 0x0000000088d00000, 0x0000000088d00000| Complete 
|  40|0x0000000088e00000, 0x0000000088f00000, 0x0000000088f00000|100%|HC|  |TAMS 0x0000000088e00000, 0x0000000088e00000| Complete 
|  41|0x0000000088f00000, 0x0000000089000000, 0x0000000089000000|100%| O|  |TAMS 0x0000000088f00000, 0x0000000088f00000| Untracked 
|  42|0x0000000089000000, 0x0000000089100000, 0x0000000089100000|100%| O|  |TAMS 0x0000000089000000, 0x0000000089000000| Untracked 
|  43|0x0000000089100000, 0x0000000089200000, 0x0000000089200000|100%| O|  |TAMS 0x0000000089100000, 0x0000000089100000| Untracked 
|  44|0x0000000089200000, 0x0000000089300000, 0x0000000089300000|100%| O|  |TAMS 0x0000000089200000, 0x0000000089200000| Untracked 
|  45|0x0000000089300000, 0x0000000089400000, 0x0000000089400000|100%| O|  |TAMS 0x0000000089300000, 0x0000000089300000| Untracked 
|  46|0x0000000089400000, 0x0000000089500000, 0x0000000089500000|100%| O|  |TAMS 0x0000000089400000, 0x0000000089400000| Untracked 
|  47|0x0000000089500000, 0x0000000089600000, 0x0000000089600000|100%| O|  |TAMS 0x0000000089500000, 0x0000000089500000| Untracked 
|  48|0x0000000089600000, 0x0000000089700000, 0x0000000089700000|100%| O|  |TAMS 0x0000000089600000, 0x0000000089600000| Untracked 
|  49|0x0000000089700000, 0x0000000089800000, 0x0000000089800000|100%| O|  |TAMS 0x0000000089700000, 0x0000000089700000| Untracked 
|  50|0x0000000089800000, 0x0000000089900000, 0x0000000089900000|100%| O|  |TAMS 0x0000000089800000, 0x0000000089800000| Untracked 
|  51|0x0000000089900000, 0x0000000089a00000, 0x0000000089a00000|100%| O|  |TAMS 0x0000000089900000, 0x0000000089900000| Untracked 
|  52|0x0000000089a00000, 0x0000000089b00000, 0x0000000089b00000|100%| O|  |TAMS 0x0000000089a00000, 0x0000000089a00000| Untracked 
|  53|0x0000000089b00000, 0x0000000089c00000, 0x0000000089c00000|100%| O|  |TAMS 0x0000000089b00000, 0x0000000089b00000| Untracked 
|  54|0x0000000089c00000, 0x0000000089d00000, 0x0000000089d00000|100%| O|  |TAMS 0x0000000089c00000, 0x0000000089c00000| Untracked 
|  55|0x0000000089d00000, 0x0000000089e00000, 0x0000000089e00000|100%| O|  |TAMS 0x0000000089d00000, 0x0000000089d00000| Untracked 
|  56|0x0000000089e00000, 0x0000000089f00000, 0x0000000089f00000|100%| O|  |TAMS 0x0000000089e00000, 0x0000000089e00000| Untracked 
|  57|0x0000000089f00000, 0x000000008a000000, 0x000000008a000000|100%| O|  |TAMS 0x0000000089f00000, 0x0000000089f00000| Untracked 
|  58|0x000000008a000000, 0x000000008a081200, 0x000000008a100000| 50%| O|  |TAMS 0x000000008a000000, 0x000000008a000000| Untracked 
|  59|0x000000008a100000, 0x000000008a100000, 0x000000008a200000|  0%| F|  |TAMS 0x000000008a100000, 0x000000008a100000| Untracked 
|  60|0x000000008a200000, 0x000000008a200000, 0x000000008a300000|  0%| F|  |TAMS 0x000000008a200000, 0x000000008a200000| Untracked 
|  61|0x000000008a300000, 0x000000008a300000, 0x000000008a400000|  0%| F|  |TAMS 0x000000008a300000, 0x000000008a300000| Untracked 
|  62|0x000000008a400000, 0x000000008a400000, 0x000000008a500000|  0%| F|  |TAMS 0x000000008a400000, 0x000000008a400000| Untracked 
|  63|0x000000008a500000, 0x000000008a500000, 0x000000008a600000|  0%| F|  |TAMS 0x000000008a500000, 0x000000008a500000| Untracked 
|  64|0x000000008a600000, 0x000000008a600000, 0x000000008a700000|  0%| F|  |TAMS 0x000000008a600000, 0x000000008a600000| Untracked 
|  65|0x000000008a700000, 0x000000008a700000, 0x000000008a800000|  0%| F|  |TAMS 0x000000008a700000, 0x000000008a700000| Untracked 
|  66|0x000000008a800000, 0x000000008a800000, 0x000000008a900000|  0%| F|  |TAMS 0x000000008a800000, 0x000000008a800000| Untracked 
|  67|0x000000008a900000, 0x000000008a900000, 0x000000008aa00000|  0%| F|  |TAMS 0x000000008a900000, 0x000000008a900000| Untracked 
|  68|0x000000008aa00000, 0x000000008aa00000, 0x000000008ab00000|  0%| F|  |TAMS 0x000000008aa00000, 0x000000008aa00000| Untracked 
|  69|0x000000008ab00000, 0x000000008ab00000, 0x000000008ac00000|  0%| F|  |TAMS 0x000000008ab00000, 0x000000008ab00000| Untracked 
|  70|0x000000008ac00000, 0x000000008ac00000, 0x000000008ad00000|  0%| F|  |TAMS 0x000000008ac00000, 0x000000008ac00000| Untracked 
|  71|0x000000008ad00000, 0x000000008ad00000, 0x000000008ae00000|  0%| F|  |TAMS 0x000000008ad00000, 0x000000008ad00000| Untracked 
|  72|0x000000008ae00000, 0x000000008ae00000, 0x000000008af00000|  0%| F|  |TAMS 0x000000008ae00000, 0x000000008ae00000| Untracked 
|  73|0x000000008af00000, 0x000000008af00000, 0x000000008b000000|  0%| F|  |TAMS 0x000000008af00000, 0x000000008af00000| Untracked 
|  74|0x000000008b000000, 0x000000008b000000, 0x000000008b100000|  0%| F|  |TAMS 0x000000008b000000, 0x000000008b000000| Untracked 
|  75|0x000000008b100000, 0x000000008b100000, 0x000000008b200000|  0%| F|  |TAMS 0x000000008b100000, 0x000000008b100000| Untracked 
|  76|0x000000008b200000, 0x000000008b200000, 0x000000008b300000|  0%| F|  |TAMS 0x000000008b200000, 0x000000008b200000| Untracked 
|  77|0x000000008b300000, 0x000000008b300000, 0x000000008b400000|  0%| F|  |TAMS 0x000000008b300000, 0x000000008b300000| Untracked 
|  78|0x000000008b400000, 0x000000008b400000, 0x000000008b500000|  0%| F|  |TAMS 0x000000008b400000, 0x000000008b400000| Untracked 
|  79|0x000000008b500000, 0x000000008b500000, 0x000000008b600000|  0%| F|  |TAMS 0x000000008b500000, 0x000000008b500000| Untracked 
|  80|0x000000008b600000, 0x000000008b600000, 0x000000008b700000|  0%| F|  |TAMS 0x000000008b600000, 0x000000008b600000| Untracked 
|  81|0x000000008b700000, 0x000000008b700000, 0x000000008b800000|  0%| F|  |TAMS 0x000000008b700000, 0x000000008b700000| Untracked 
|  82|0x000000008b800000, 0x000000008b800000, 0x000000008b900000|  0%| F|  |TAMS 0x000000008b800000, 0x000000008b800000| Untracked 
|  83|0x000000008b900000, 0x000000008b9b1640, 0x000000008ba00000| 69%| S|CS|TAMS 0x000000008b900000, 0x000000008b900000| Complete 
|  84|0x000000008ba00000, 0x000000008bb00000, 0x000000008bb00000|100%| S|CS|TAMS 0x000000008ba00000, 0x000000008ba00000| Complete 
|  85|0x000000008bb00000, 0x000000008bc00000, 0x000000008bc00000|100%| S|CS|TAMS 0x000000008bb00000, 0x000000008bb00000| Complete 
|  86|0x000000008bc00000, 0x000000008bd00000, 0x000000008bd00000|100%| S|CS|TAMS 0x000000008bc00000, 0x000000008bc00000| Complete 
|  87|0x000000008bd00000, 0x000000008bd00000, 0x000000008be00000|  0%| F|  |TAMS 0x000000008bd00000, 0x000000008bd00000| Untracked 
|  88|0x000000008be00000, 0x000000008be00000, 0x000000008bf00000|  0%| F|  |TAMS 0x000000008be00000, 0x000000008be00000| Untracked 
|  89|0x000000008bf00000, 0x000000008bf00000, 0x000000008c000000|  0%| F|  |TAMS 0x000000008bf00000, 0x000000008bf00000| Untracked 
|  90|0x000000008c000000, 0x000000008c000000, 0x000000008c100000|  0%| F|  |TAMS 0x000000008c000000, 0x000000008c000000| Untracked 
|  91|0x000000008c100000, 0x000000008c100000, 0x000000008c200000|  0%| F|  |TAMS 0x000000008c100000, 0x000000008c100000| Untracked 
|  92|0x000000008c200000, 0x000000008c200000, 0x000000008c300000|  0%| F|  |TAMS 0x000000008c200000, 0x000000008c200000| Untracked 
|  93|0x000000008c300000, 0x000000008c300000, 0x000000008c400000|  0%| F|  |TAMS 0x000000008c300000, 0x000000008c300000| Untracked 
|  94|0x000000008c400000, 0x000000008c400000, 0x000000008c500000|  0%| F|  |TAMS 0x000000008c400000, 0x000000008c400000| Untracked 
|  95|0x000000008c500000, 0x000000008c500000, 0x000000008c600000|  0%| F|  |TAMS 0x000000008c500000, 0x000000008c500000| Untracked 
|  96|0x000000008c600000, 0x000000008c600000, 0x000000008c700000|  0%| F|  |TAMS 0x000000008c600000, 0x000000008c600000| Untracked 
|  97|0x000000008c700000, 0x000000008c700000, 0x000000008c800000|  0%| F|  |TAMS 0x000000008c700000, 0x000000008c700000| Untracked 
|  98|0x000000008c800000, 0x000000008c800000, 0x000000008c900000|  0%| F|  |TAMS 0x000000008c800000, 0x000000008c800000| Untracked 
|  99|0x000000008c900000, 0x000000008c900000, 0x000000008ca00000|  0%| F|  |TAMS 0x000000008c900000, 0x000000008c900000| Untracked 
| 100|0x000000008ca00000, 0x000000008ca00000, 0x000000008cb00000|  0%| F|  |TAMS 0x000000008ca00000, 0x000000008ca00000| Untracked 
| 101|0x000000008cb00000, 0x000000008cb00000, 0x000000008cc00000|  0%| F|  |TAMS 0x000000008cb00000, 0x000000008cb00000| Untracked 
| 102|0x000000008cc00000, 0x000000008cc00000, 0x000000008cd00000|  0%| F|  |TAMS 0x000000008cc00000, 0x000000008cc00000| Untracked 
| 103|0x000000008cd00000, 0x000000008cd00000, 0x000000008ce00000|  0%| F|  |TAMS 0x000000008cd00000, 0x000000008cd00000| Untracked 
| 104|0x000000008ce00000, 0x000000008ce00000, 0x000000008cf00000|  0%| F|  |TAMS 0x000000008ce00000, 0x000000008ce00000| Untracked 
| 105|0x000000008cf00000, 0x000000008cf00000, 0x000000008d000000|  0%| F|  |TAMS 0x000000008cf00000, 0x000000008cf00000| Untracked 
| 106|0x000000008d000000, 0x000000008d000000, 0x000000008d100000|  0%| F|  |TAMS 0x000000008d000000, 0x000000008d000000| Untracked 
| 107|0x000000008d100000, 0x000000008d100000, 0x000000008d200000|  0%| F|  |TAMS 0x000000008d100000, 0x000000008d100000| Untracked 
| 108|0x000000008d200000, 0x000000008d200000, 0x000000008d300000|  0%| F|  |TAMS 0x000000008d200000, 0x000000008d200000| Untracked 
| 109|0x000000008d300000, 0x000000008d300000, 0x000000008d400000|  0%| F|  |TAMS 0x000000008d300000, 0x000000008d300000| Untracked 
| 110|0x000000008d400000, 0x000000008d400000, 0x000000008d500000|  0%| F|  |TAMS 0x000000008d400000, 0x000000008d400000| Untracked 
| 111|0x000000008d500000, 0x000000008d500000, 0x000000008d600000|  0%| F|  |TAMS 0x000000008d500000, 0x000000008d500000| Untracked 
| 112|0x000000008d600000, 0x000000008d600000, 0x000000008d700000|  0%| F|  |TAMS 0x000000008d600000, 0x000000008d600000| Untracked 
| 113|0x000000008d700000, 0x000000008d700000, 0x000000008d800000|  0%| F|  |TAMS 0x000000008d700000, 0x000000008d700000| Untracked 
| 114|0x000000008d800000, 0x000000008d800000, 0x000000008d900000|  0%| F|  |TAMS 0x000000008d800000, 0x000000008d800000| Untracked 
| 115|0x000000008d900000, 0x000000008d900000, 0x000000008da00000|  0%| F|  |TAMS 0x000000008d900000, 0x000000008d900000| Untracked 
| 116|0x000000008da00000, 0x000000008da00000, 0x000000008db00000|  0%| F|  |TAMS 0x000000008da00000, 0x000000008da00000| Untracked 
| 117|0x000000008db00000, 0x000000008db00000, 0x000000008dc00000|  0%| F|  |TAMS 0x000000008db00000, 0x000000008db00000| Untracked 
| 118|0x000000008dc00000, 0x000000008dc00000, 0x000000008dd00000|  0%| F|  |TAMS 0x000000008dc00000, 0x000000008dc00000| Untracked 
| 119|0x000000008dd00000, 0x000000008dd00000, 0x000000008de00000|  0%| F|  |TAMS 0x000000008dd00000, 0x000000008dd00000| Untracked 
| 120|0x000000008de00000, 0x000000008de00000, 0x000000008df00000|  0%| F|  |TAMS 0x000000008de00000, 0x000000008de00000| Untracked 
| 121|0x000000008df00000, 0x000000008df00000, 0x000000008e000000|  0%| F|  |TAMS 0x000000008df00000, 0x000000008df00000| Untracked 
| 122|0x000000008e000000, 0x000000008e000000, 0x000000008e100000|  0%| F|  |TAMS 0x000000008e000000, 0x000000008e000000| Untracked 
| 123|0x000000008e100000, 0x000000008e100000, 0x000000008e200000|  0%| F|  |TAMS 0x000000008e100000, 0x000000008e100000| Untracked 
| 124|0x000000008e200000, 0x000000008e200000, 0x000000008e300000|  0%| F|  |TAMS 0x000000008e200000, 0x000000008e200000| Untracked 

Card table byte_map: [0x00000250dddc0000,0x00000250de190000] _byte_map_base: 0x00000250dd98d000

Marking Bits (Prev, Next): (CMBitMap*) 0x00000250cb23f6d0, (CMBitMap*) 0x00000250cb23f690
 Prev Bits: [0x00000250e03d0000, 0x00000250e2238000)
 Next Bits: [0x00000250de560000, 0x00000250e03c8000)

Polling page: 0x00000250c9170000

Metaspace:

Usage:
  Non-class:     45.72 MB used.
      Class:      6.19 MB used.
       Both:     51.91 MB used.

Virtual space:
  Non-class space:       64.00 MB reserved,      45.81 MB ( 72%) committed,  1 nodes.
      Class space:        1.00 GB reserved,       6.31 MB ( <1%) committed,  1 nodes.
             Both:        1.06 GB reserved,      52.12 MB (  5%) committed. 

Chunk freelists:
   Non-Class:  1.33 MB
       Class:  9.68 MB
        Both:  11.01 MB

MaxMetaspaceSize: unlimited
CompressedClassSpaceSize: 1.00 GB
Initial GC threshold: 21.00 MB
Current GC threshold: 86.50 MB
CDS: off
MetaspaceReclaimPolicy: balanced
 - commit_granule_bytes: 65536.
 - commit_granule_words: 8192.
 - virtual_space_node_default_size: 8388608.
 - enlarge_chunks_in_place: 1.
 - new_chunks_are_fully_committed: 0.
 - uncommit_free_chunks: 1.
 - use_allocation_guard: 0.
 - handle_deallocations: 1.


Internal statistics:

num_allocs_failed_limit: 6.
num_arena_births: 212.
num_arena_deaths: 0.
num_vsnodes_births: 2.
num_vsnodes_deaths: 0.
num_space_committed: 832.
num_space_uncommitted: 0.
num_chunks_returned_to_freelist: 6.
num_chunks_taken_from_freelist: 1791.
num_chunk_merges: 6.
num_chunk_splits: 1477.
num_chunks_enlarged: 1327.
num_inconsistent_stats: 0.

CodeHeap 'non-profiled nmethods': size=120000Kb used=2646Kb max_used=2646Kb free=117353Kb
 bounds [0x00000250d6190000, 0x00000250d6430000, 0x00000250dd6c0000]
CodeHeap 'profiled nmethods': size=120000Kb used=10291Kb max_used=10291Kb free=109708Kb
 bounds [0x00000250ce6c0000, 0x00000250cf0d0000, 0x00000250d5bf0000]
CodeHeap 'non-nmethods': size=5760Kb used=1291Kb max_used=1350Kb free=4468Kb
 bounds [0x00000250d5bf0000, 0x00000250d5e60000, 0x00000250d6190000]
 total_blobs=5678 nmethods=5085 adapters=504
 compilation: enabled
              stopped_count=0, restarted_count=0
 full_count=0

Compilation events (20 events):
Event: 11.277 Thread 0x00000250e902ed20 nmethod 4902 0x00000250d6412790 code [0x00000250d6412d00, 0x00000250d6419c60]
Event: 11.278 Thread 0x00000250e902ed20 5198       4       java.util.regex.Matcher::find (69 bytes)
Event: 11.318 Thread 0x00000250e902ed20 nmethod 5198 0x00000250d641da90 code [0x00000250d641dc60, 0x00000250d641e3b8]
Event: 11.318 Thread 0x00000250e902ed20 5203       4       java.lang.ThreadLocal$ThreadLocalMap::getEntry (42 bytes)
Event: 11.324 Thread 0x00000250e902ed20 nmethod 5203 0x00000250d641ea10 code [0x00000250d641eba0, 0x00000250d641ed38]
Event: 11.324 Thread 0x00000250e902ed20 5202       4       java.lang.ThreadLocal::get (38 bytes)
Event: 11.325 Thread 0x00000250eab882f0 nmethod 5196 0x00000250d641ef10 code [0x00000250d641f160, 0x00000250d64209c0]
Event: 11.325 Thread 0x00000250eab882f0 5201       4       org.jetbrains.kotlin.name.FqNameUnsafe$1::invoke (9 bytes)
Event: 11.331 Thread 0x00000250eab882f0 nmethod 5201 0x00000250d6421710 code [0x00000250d64218a0, 0x00000250d6421a18]
Event: 11.331 Thread 0x00000250eab882f0 5197       4       org.jetbrains.kotlin.name.ClassId::<init> (90 bytes)
Event: 11.332 Thread 0x00000250e902ed20 nmethod 5202 0x00000250d6421c10 code [0x00000250d6421da0, 0x00000250d6421f88]
Event: 11.332 Thread 0x00000250e902ed20 5209       4       gnu.trove.TObjectHash::index (146 bytes)
Event: 11.336 Thread 0x00000250eab882f0 nmethod 5197 0x00000250d6422210 code [0x00000250d6422380, 0x00000250d64225f8]
Event: 11.336 Thread 0x00000250eab882f0 5195       4       org.jetbrains.kotlin.name.FqNameUnsafe::topLevel (28 bytes)
Event: 11.344 Thread 0x00000250eab882f0 nmethod 5195 0x00000250d6422710 code [0x00000250d64228a0, 0x00000250d6422bf8]
Event: 11.344 Thread 0x00000250eab882f0 5204       4       org.jetbrains.kotlin.name.FqNameUnsafe::shortName (56 bytes)
Event: 11.376 Thread 0x00000250e902ed20 nmethod 5209 0x00000250d6422d90 code [0x00000250d6422fc0, 0x00000250d6424138]
Event: 11.376 Thread 0x00000250e902ed20 5210       4       org.jetbrains.kotlin.cli.jvm.index.JvmDependenciesIndexImpl::search (386 bytes)
Event: 11.380 Thread 0x00000250eab882f0 nmethod 5204 0x00000250d6424910 code [0x00000250d6424b00, 0x00000250d6425450]
Event: 11.380 Thread 0x00000250eab882f0 5211       4       org.jetbrains.org.objectweb.asm.ClassReader::accept (1380 bytes)

GC Heap History (20 events):
Event: 6.475 GC heap after
{Heap after GC invocations=12 (full 0):
 garbage-first heap   total 60416K, used 27669K [0x0000000086600000, 0x0000000100000000)
  region size 1024K, 2 young (2048K), 2 survivors (2048K)
 Metaspace       used 43742K, committed 44032K, reserved 1114112K
  class space    used 5307K, committed 5440K, reserved 1048576K
}
Event: 6.807 GC heap before
{Heap before GC invocations=12 (full 0):
 garbage-first heap   total 60416K, used 34837K [0x0000000086600000, 0x0000000100000000)
  region size 1024K, 10 young (10240K), 2 survivors (2048K)
 Metaspace       used 45398K, committed 45568K, reserved 1114112K
  class space    used 5541K, committed 5632K, reserved 1048576K
}
Event: 6.819 GC heap after
{Heap after GC invocations=13 (full 0):
 garbage-first heap   total 79872K, used 28517K [0x0000000086600000, 0x0000000100000000)
  region size 1024K, 3 young (3072K), 3 survivors (3072K)
 Metaspace       used 45398K, committed 45568K, reserved 1114112K
  class space    used 5541K, committed 5632K, reserved 1048576K
}
Event: 7.727 GC heap before
{Heap before GC invocations=13 (full 0):
 garbage-first heap   total 79872K, used 57189K [0x0000000086600000, 0x0000000100000000)
  region size 1024K, 29 young (29696K), 3 survivors (3072K)
 Metaspace       used 49594K, committed 49856K, reserved 1114112K
  class space    used 6014K, committed 6144K, reserved 1048576K
}
Event: 7.749 GC heap after
{Heap after GC invocations=14 (full 0):
 garbage-first heap   total 79872K, used 35170K [0x0000000086600000, 0x0000000100000000)
  region size 1024K, 4 young (4096K), 4 survivors (4096K)
 Metaspace       used 49594K, committed 49856K, reserved 1114112K
  class space    used 6014K, committed 6144K, reserved 1048576K
}
Event: 8.126 GC heap before
{Heap before GC invocations=14 (full 0):
 garbage-first heap   total 79872K, used 58722K [0x0000000086600000, 0x0000000100000000)
  region size 1024K, 27 young (27648K), 4 survivors (4096K)
 Metaspace       used 50784K, committed 51008K, reserved 1114112K
  class space    used 6118K, committed 6208K, reserved 1048576K
}
Event: 8.153 GC heap after
{Heap after GC invocations=15 (full 0):
 garbage-first heap   total 79872K, used 38790K [0x0000000086600000, 0x0000000100000000)
  region size 1024K, 4 young (4096K), 4 survivors (4096K)
 Metaspace       used 50784K, committed 51008K, reserved 1114112K
  class space    used 6118K, committed 6208K, reserved 1048576K
}
Event: 8.299 GC heap before
{Heap before GC invocations=15 (full 0):
 garbage-first heap   total 79872K, used 59270K [0x0000000086600000, 0x0000000100000000)
  region size 1024K, 24 young (24576K), 4 survivors (4096K)
 Metaspace       used 50824K, committed 51072K, reserved 1114112K
  class space    used 6118K, committed 6208K, reserved 1048576K
}
Event: 8.316 GC heap after
{Heap after GC invocations=16 (full 0):
 garbage-first heap   total 79872K, used 40862K [0x0000000086600000, 0x0000000100000000)
  region size 1024K, 2 young (2048K), 2 survivors (2048K)
 Metaspace       used 50824K, committed 51072K, reserved 1114112K
  class space    used 6118K, committed 6208K, reserved 1048576K
}
Event: 8.805 GC heap before
{Heap before GC invocations=16 (full 0):
 garbage-first heap   total 79872K, used 61342K [0x0000000086600000, 0x0000000100000000)
  region size 1024K, 22 young (22528K), 2 survivors (2048K)
 Metaspace       used 52798K, committed 53056K, reserved 1114112K
  class space    used 6330K, committed 6464K, reserved 1048576K
}
Event: 8.817 GC heap after
{Heap after GC invocations=17 (full 0):
 garbage-first heap   total 128000K, used 42115K [0x0000000086600000, 0x0000000100000000)
  region size 1024K, 3 young (3072K), 3 survivors (3072K)
 Metaspace       used 52798K, committed 53056K, reserved 1114112K
  class space    used 6330K, committed 6464K, reserved 1048576K
}
Event: 9.692 GC heap before
{Heap before GC invocations=18 (full 0):
 garbage-first heap   total 128000K, used 94339K [0x0000000086600000, 0x0000000100000000)
  region size 1024K, 52 young (53248K), 3 survivors (3072K)
 Metaspace       used 52873K, committed 53120K, reserved 1114112K
  class space    used 6335K, committed 6464K, reserved 1048576K
}
Event: 9.710 GC heap after
{Heap after GC invocations=19 (full 0):
 garbage-first heap   total 128000K, used 49229K [0x0000000086600000, 0x0000000100000000)
  region size 1024K, 7 young (7168K), 7 survivors (7168K)
 Metaspace       used 52873K, committed 53120K, reserved 1114112K
  class space    used 6335K, committed 6464K, reserved 1048576K
}
Event: 9.727 GC heap before
{Heap before GC invocations=19 (full 0):
 garbage-first heap   total 128000K, used 50253K [0x0000000086600000, 0x0000000100000000)
  region size 1024K, 8 young (8192K), 7 survivors (7168K)
 Metaspace       used 52873K, committed 53120K, reserved 1114112K
  class space    used 6335K, committed 6464K, reserved 1048576K
}
Event: 9.741 GC heap after
{Heap after GC invocations=20 (full 0):
 garbage-first heap   total 128000K, used 49758K [0x0000000086600000, 0x0000000100000000)
  region size 1024K, 1 young (1024K), 1 survivors (1024K)
 Metaspace       used 52873K, committed 53120K, reserved 1114112K
  class space    used 6335K, committed 6464K, reserved 1048576K
}
Event: 10.051 GC heap before
{Heap before GC invocations=20 (full 0):
 garbage-first heap   total 128000K, used 93790K [0x0000000086600000, 0x0000000100000000)
  region size 1024K, 44 young (45056K), 1 survivors (1024K)
 Metaspace       used 52911K, committed 53184K, reserved 1114112K
  class space    used 6335K, committed 6464K, reserved 1048576K
}
Event: 10.061 GC heap after
{Heap after GC invocations=21 (full 0):
 garbage-first heap   total 128000K, used 53526K [0x0000000086600000, 0x0000000100000000)
  region size 1024K, 5 young (5120K), 5 survivors (5120K)
 Metaspace       used 52911K, committed 53184K, reserved 1114112K
  class space    used 6335K, committed 6464K, reserved 1048576K
}
Event: 10.985 GC heap before
{Heap before GC invocations=21 (full 0):
 garbage-first heap   total 128000K, used 96534K [0x0000000086600000, 0x0000000100000000)
  region size 1024K, 47 young (48128K), 5 survivors (5120K)
 Metaspace       used 53159K, committed 53376K, reserved 1114112K
  class space    used 6340K, committed 6464K, reserved 1048576K
}
Event: 11.016 GC heap after
{Heap after GC invocations=22 (full 0):
 garbage-first heap   total 128000K, used 59748K [0x0000000086600000, 0x0000000100000000)
  region size 1024K, 6 young (6144K), 6 survivors (6144K)
 Metaspace       used 53159K, committed 53376K, reserved 1114112K
  class space    used 6340K, committed 6464K, reserved 1048576K
}
Event: 11.655 GC heap before
{Heap before GC invocations=22 (full 0):
 garbage-first heap   total 128000K, used 98660K [0x0000000086600000, 0x0000000100000000)
  region size 1024K, 44 young (45056K), 6 survivors (6144K)
 Metaspace       used 53159K, committed 53376K, reserved 1114112K
  class space    used 6340K, committed 6464K, reserved 1048576K
}

Dll operation events (2 events):
Event: 0.020 Loaded shared library D:\Program Files\Android Studio\jbr\bin\java.dll
Event: 3.075 Loaded shared library D:\Program Files\Android Studio\jbr\bin\verify.dll

Deoptimization events (20 events):
Event: 10.314 Thread 0x00000250cb1e47c0 DEOPT PACKING pc=0x00000250d63f1870 sp=0x000000fc93efb790
Event: 10.314 Thread 0x00000250cb1e47c0 DEOPT UNPACKING pc=0x00000250d5c4a1a3 sp=0x000000fc93efb750 mode 2
Event: 10.314 Thread 0x00000250cb1e47c0 Uncommon trap: trap_request=0xffffffbe fr.pc=0x00000250d63f1870 relative=0x0000000000001350
Event: 10.314 Thread 0x00000250cb1e47c0 Uncommon trap: reason=profile_predicate action=maybe_recompile pc=0x00000250d63f1870 method=gnu.trove.TObjectHash.insertionIndex(Ljava/lang/Object;)I @ 115 c2
Event: 10.314 Thread 0x00000250cb1e47c0 DEOPT PACKING pc=0x00000250d63f1870 sp=0x000000fc93efb790
Event: 10.314 Thread 0x00000250cb1e47c0 DEOPT UNPACKING pc=0x00000250d5c4a1a3 sp=0x000000fc93efb750 mode 2
Event: 10.315 Thread 0x00000250cb1e47c0 Uncommon trap: trap_request=0xffffffbe fr.pc=0x00000250d63f1870 relative=0x0000000000001350
Event: 10.315 Thread 0x00000250cb1e47c0 Uncommon trap: reason=profile_predicate action=maybe_recompile pc=0x00000250d63f1870 method=gnu.trove.TObjectHash.insertionIndex(Ljava/lang/Object;)I @ 115 c2
Event: 10.315 Thread 0x00000250cb1e47c0 DEOPT PACKING pc=0x00000250d63f1870 sp=0x000000fc93efb790
Event: 10.315 Thread 0x00000250cb1e47c0 DEOPT UNPACKING pc=0x00000250d5c4a1a3 sp=0x000000fc93efb750 mode 2
Event: 10.315 Thread 0x00000250cb1e47c0 Uncommon trap: trap_request=0xffffffbe fr.pc=0x00000250d63f1870 relative=0x0000000000001350
Event: 10.315 Thread 0x00000250cb1e47c0 Uncommon trap: reason=profile_predicate action=maybe_recompile pc=0x00000250d63f1870 method=gnu.trove.TObjectHash.insertionIndex(Ljava/lang/Object;)I @ 115 c2
Event: 10.315 Thread 0x00000250cb1e47c0 DEOPT PACKING pc=0x00000250d63f1870 sp=0x000000fc93efb790
Event: 10.315 Thread 0x00000250cb1e47c0 DEOPT UNPACKING pc=0x00000250d5c4a1a3 sp=0x000000fc93efb750 mode 2
Event: 10.388 Thread 0x00000250cb1e47c0 Uncommon trap: trap_request=0xffffff45 fr.pc=0x00000250d63b8d38 relative=0x0000000000008458
Event: 10.389 Thread 0x00000250cb1e47c0 Uncommon trap: reason=unstable_if action=reinterpret pc=0x00000250d63b8d38 method=org.jetbrains.org.objectweb.asm.ClassReader.readMethod(Lorg/jetbrains/org/objectweb/asm/ClassVisitor;Lorg/jetbrains/org/objectweb/asm/Context;I)I @ 658 c2
Event: 10.389 Thread 0x00000250cb1e47c0 DEOPT PACKING pc=0x00000250d63b8d38 sp=0x000000fc93efc680
Event: 10.389 Thread 0x00000250cb1e47c0 DEOPT UNPACKING pc=0x00000250d5c4a1a3 sp=0x000000fc93efc668 mode 2
Event: 10.643 Thread 0x00000250cb1e47c0 DEOPT PACKING pc=0x00000250cef62909 sp=0x000000fc93efb6b0
Event: 10.643 Thread 0x00000250cb1e47c0 DEOPT UNPACKING pc=0x00000250d5c4ace3 sp=0x000000fc93efab50 mode 0

Classes unloaded (0 events):
No events

Classes redefined (0 events):
No events

Internal exceptions (20 events):
Event: 2.697 Thread 0x00000250cb1e47c0 Exception <a 'java/lang/NoSuchMethodError'{0x00000000885a3c90}: 'void java.lang.invoke.DirectMethodHandle$Holder.invokeSpecial(java.lang.Object, java.lang.Object, java.lang.Object)'> (0x00000000885a3c90) 
thrown [s\src\hotspot\share\interpreter\linkResolver.cpp, line 771]
Event: 2.828 Thread 0x00000250cb1e47c0 Exception <a 'java/lang/NoSuchMethodError'{0x00000000882c79e8}: 'void java.lang.invoke.DirectMethodHandle$Holder.invokeStatic(java.lang.Object, java.lang.Object, java.lang.Object, java.lang.Object)'> (0x00000000882c79e8) 
thrown [s\src\hotspot\share\interpreter\linkResolver.cpp, line 771]
Event: 2.990 Thread 0x00000250cb1e47c0 Exception <a 'java/lang/NoSuchMethodError'{0x0000000087e87018}: 'void java.lang.invoke.DirectMethodHandle$Holder.invokeStaticInit(java.lang.Object, java.lang.Object)'> (0x0000000087e87018) 
thrown [s\src\hotspot\share\interpreter\linkResolver.cpp, line 771]
Event: 3.280 Thread 0x00000250cb1e47c0 Exception <a 'java/lang/NoSuchMethodError'{0x0000000087841768}: 'void java.lang.invoke.DirectMethodHandle$Holder.invokeVirtual(java.lang.Object, java.lang.Object)'> (0x0000000087841768) 
thrown [s\src\hotspot\share\interpreter\linkResolver.cpp, line 771]
Event: 3.296 Thread 0x00000250cb1e47c0 Exception <a 'java/lang/NoSuchMethodError'{0x000000008788d830}: 'int java.lang.invoke.DirectMethodHandle$Holder.invokeVirtual(java.lang.Object, java.lang.Object)'> (0x000000008788d830) 
thrown [s\src\hotspot\share\interpreter\linkResolver.cpp, line 771]
Event: 3.338 Thread 0x00000250cb1e47c0 Exception <a 'java/lang/NoSuchMethodError'{0x0000000087725148}: 'java.lang.Object java.lang.invoke.Invokers$Holder.invokeExact_MT(java.lang.Object, java.lang.Object, java.lang.Object, java.lang.Object, java.lang.Object, java.lang.Object)'> (0x0000000087725148) 
thrown [s\src\hotspot\share\interpreter\linkResolver.cpp, line 771]
Event: 4.686 Thread 0x00000250cb1e47c0 Implicit null exception at 0x00000250d61a8af2 to 0x00000250d61a9130
Event: 4.888 Thread 0x00000250cb1e47c0 Implicit null exception at 0x00000250d61aa8f2 to 0x00000250d61aaf48
Event: 4.967 Thread 0x00000250cb1e47c0 Exception <a 'java/lang/NoSuchMethodError'{0x00000000894e5a08}: 'java.lang.Object java.lang.invoke.DirectMethodHandle$Holder.invokeVirtual(java.lang.Object, java.lang.Object, java.lang.Object)'> (0x00000000894e5a08) 
thrown [s\src\hotspot\share\interpreter\linkResolver.cpp, line 771]
Event: 6.256 Thread 0x00000250cb1e47c0 Exception <a 'java/lang/NoSuchMethodError'{0x0000000089111d48}: 'java.lang.Object java.lang.invoke.DirectMethodHandle$Holder.newInvokeSpecial(java.lang.Object, java.lang.Object, int)'> (0x0000000089111d48) 
thrown [s\src\hotspot\share\interpreter\linkResolver.cpp, line 771]
Event: 6.355 Thread 0x00000250cb1e47c0 Implicit null exception at 0x00000250d62d9053 to 0x00000250d62d9154
Event: 6.596 Thread 0x00000250cb1e47c0 Implicit null exception at 0x00000250d62dd8cc to 0x00000250d62dd9a8
Event: 6.660 Thread 0x00000250cb1e47c0 Exception <a 'java/lang/NoSuchMethodError'{0x000000008b924930}: 'java.lang.Object java.lang.invoke.DirectMethodHandle$Holder.newInvokeSpecial(java.lang.Object, java.lang.Object, java.lang.Object, int)'> (0x000000008b924930) 
thrown [s\src\hotspot\share\interpreter\linkResolver.cpp, line 771]
Event: 6.661 Thread 0x00000250cb1e47c0 Exception <a 'java/lang/NoSuchMethodError'{0x000000008b928fb8}: 'java.lang.Object java.lang.invoke.DirectMethodHandle$Holder.invokeSpecial(java.lang.Object, java.lang.Object, java.lang.Object, java.lang.Object, int)'> (0x000000008b928fb8) 
thrown [s\src\hotspot\share\interpreter\linkResolver.cpp, line 771]
Event: 6.661 Thread 0x00000250cb1e47c0 Exception <a 'java/lang/NoSuchMethodError'{0x000000008b92ce28}: 'java.lang.Object java.lang.invoke.Invokers$Holder.linkToTargetMethod(java.lang.Object, java.lang.Object, int, java.lang.Object)'> (0x000000008b92ce28) 
thrown [s\src\hotspot\share\interpreter\linkResolver.cpp, line 771]
Event: 7.721 Thread 0x00000250cb1e47c0 Exception <a 'java/lang/NoSuchMethodError'{0x0000000089aeab50}: 'java.lang.Object java.lang.invoke.DirectMethodHandle$Holder.newInvokeSpecial(java.lang.Object, int, java.lang.Object)'> (0x0000000089aeab50) 
thrown [s\src\hotspot\share\interpreter\linkResolver.cpp, line 771]
Event: 7.723 Thread 0x00000250cb1e47c0 Exception <a 'java/lang/NoSuchMethodError'{0x0000000089af1130}: 'int java.lang.invoke.DirectMethodHandle$Holder.invokeInterface(java.lang.Object, java.lang.Object)'> (0x0000000089af1130) 
thrown [s\src\hotspot\share\interpreter\linkResolver.cpp, line 771]
Event: 7.826 Thread 0x00000250cb1e47c0 Exception <a 'java/lang/NoSuchMethodError'{0x000000008ba81a58}: 'java.lang.Object java.lang.invoke.DirectMethodHandle$Holder.newInvokeSpecial(java.lang.Object, java.lang.Object, java.lang.Object, java.lang.Object, java.lang.Object, java.lang.Object)'> (0x000000008ba81a58) 
thrown [s\src\hotspot\share\interpreter\linkResolver.cpp, line 771]
Event: 7.854 Thread 0x00000250cb1e47c0 Implicit null exception at 0x00000250d63596ea to 0x00000250d63598b4
Event: 8.468 Thread 0x00000250cb1e47c0 Implicit null exception at 0x00000250d61dfeea to 0x00000250d61e00a8

VM Operations (20 events):
Event: 8.316 Executing VM operation: G1CollectForAllocation done
Event: 8.572 Executing VM operation: HandshakeAllThreads
Event: 8.572 Executing VM operation: HandshakeAllThreads done
Event: 8.697 Executing VM operation: HandshakeAllThreads
Event: 8.697 Executing VM operation: HandshakeAllThreads done
Event: 8.805 Executing VM operation: G1CollectForAllocation
Event: 8.817 Executing VM operation: G1CollectForAllocation done
Event: 8.903 Executing VM operation: G1PauseRemark
Event: 8.913 Executing VM operation: G1PauseRemark done
Event: 8.955 Executing VM operation: G1PauseCleanup
Event: 8.955 Executing VM operation: G1PauseCleanup done
Event: 9.692 Executing VM operation: G1CollectForAllocation
Event: 9.710 Executing VM operation: G1CollectForAllocation done
Event: 9.727 Executing VM operation: G1CollectForAllocation
Event: 9.741 Executing VM operation: G1CollectForAllocation done
Event: 10.051 Executing VM operation: G1CollectForAllocation
Event: 10.061 Executing VM operation: G1CollectForAllocation done
Event: 10.985 Executing VM operation: G1CollectForAllocation
Event: 11.016 Executing VM operation: G1CollectForAllocation done
Event: 11.655 Executing VM operation: G1CollectForAllocation

Events (20 events):
Event: 7.165 loading class java/util/stream/IntPipeline$Head
Event: 7.165 loading class java/util/stream/IntPipeline
Event: 7.166 loading class java/util/stream/IntPipeline done
Event: 7.166 loading class java/util/stream/IntPipeline$Head done
Event: 7.167 loading class java/util/stream/IntPipeline$1
Event: 7.168 loading class java/util/stream/IntPipeline$1 done
Event: 7.168 loading class java/util/stream/ReferencePipeline$2
Event: 7.168 loading class java/util/stream/ReferencePipeline$2 done
Event: 7.170 loading class java/util/stream/ReferencePipeline$2$1
Event: 7.170 loading class java/util/stream/ReferencePipeline$2$1 done
Event: 7.170 loading class java/util/stream/IntPipeline$1$1
Event: 7.170 loading class java/util/stream/Sink$ChainedInt
Event: 7.170 loading class java/util/stream/Sink$OfInt
Event: 7.170 loading class java/util/function/IntConsumer
Event: 7.170 loading class java/util/function/IntConsumer done
Event: 7.170 loading class java/util/stream/Sink$OfInt done
Event: 7.171 loading class java/util/stream/Sink$ChainedInt done
Event: 7.171 loading class java/util/stream/IntPipeline$1$1 done
Event: 8.590 loading class java/util/Collections$SingletonMap
Event: 8.591 loading class java/util/Collections$SingletonMap done


Dynamic libraries:
0x00007ff651840000 - 0x00007ff65184a000 	D:\Program Files\Android Studio\jbr\bin\java.exe
0x00007ffe5f930000 - 0x00007ffe5fb44000 	C:\WINDOWS\SYSTEM32\ntdll.dll
0x00007ffe5ed80000 - 0x00007ffe5ee44000 	C:\WINDOWS\System32\KERNEL32.DLL
0x00007ffe5ce00000 - 0x00007ffe5d1a4000 	C:\WINDOWS\System32\KERNELBASE.dll
0x00007ffe5d320000 - 0x00007ffe5d431000 	C:\WINDOWS\System32\ucrtbase.dll
0x00007ffe374a0000 - 0x00007ffe374b7000 	D:\Program Files\Android Studio\jbr\bin\jli.dll
0x00007ffe43560000 - 0x00007ffe4357b000 	D:\Program Files\Android Studio\jbr\bin\VCRUNTIME140.dll
0x00007ffe5f020000 - 0x00007ffe5f1ce000 	C:\WINDOWS\System32\USER32.dll
0x00007ffe5d2f0000 - 0x00007ffe5d316000 	C:\WINDOWS\System32\win32u.dll
0x00007ffe3d7e0000 - 0x00007ffe3da73000 	C:\WINDOWS\WinSxS\amd64_microsoft.windows.common-controls_6595b64144ccf1df_6.0.22621.2215_none_270d72677387dfc3\COMCTL32.dll
0x00007ffe5ee50000 - 0x00007ffe5ee79000 	C:\WINDOWS\System32\GDI32.dll
0x00007ffe5f790000 - 0x00007ffe5f837000 	C:\WINDOWS\System32\msvcrt.dll
0x00007ffe5cce0000 - 0x00007ffe5cdf8000 	C:\WINDOWS\System32\gdi32full.dll
0x00007ffe5d5b0000 - 0x00007ffe5d64a000 	C:\WINDOWS\System32\msvcp_win.dll
0x00007ffe5ece0000 - 0x00007ffe5ed11000 	C:\WINDOWS\System32\IMM32.DLL
0x00007ffe49cf0000 - 0x00007ffe49cfc000 	D:\Program Files\Android Studio\jbr\bin\vcruntime140_1.dll
0x00007ffe3db50000 - 0x00007ffe3dbdd000 	D:\Program Files\Android Studio\jbr\bin\msvcp140.dll
0x00007ffe0b360000 - 0x00007ffe0bfe3000 	D:\Program Files\Android Studio\jbr\bin\server\jvm.dll
0x00007ffe5f840000 - 0x00007ffe5f8f0000 	C:\WINDOWS\System32\ADVAPI32.dll
0x00007ffe5d7d0000 - 0x00007ffe5d876000 	C:\WINDOWS\System32\sechost.dll
0x00007ffe5ea00000 - 0x00007ffe5eb17000 	C:\WINDOWS\System32\RPCRT4.dll
0x00007ffe3d620000 - 0x00007ffe3d629000 	C:\WINDOWS\SYSTEM32\WSOCK32.dll
0x00007ffe5e5c0000 - 0x00007ffe5e631000 	C:\WINDOWS\System32\WS2_32.dll
0x00007ffe4b6b0000 - 0x00007ffe4b6ba000 	C:\WINDOWS\SYSTEM32\VERSION.dll
0x00007ffe4b700000 - 0x00007ffe4b734000 	C:\WINDOWS\SYSTEM32\WINMM.dll
0x00007ffe5cb20000 - 0x00007ffe5cb6d000 	C:\WINDOWS\SYSTEM32\POWRPROF.dll
0x00007ffe5ca50000 - 0x00007ffe5ca63000 	C:\WINDOWS\SYSTEM32\UMPDC.dll
0x00007ffe5bca0000 - 0x00007ffe5bcb8000 	C:\WINDOWS\SYSTEM32\kernel.appcore.dll
0x00007ffe55c30000 - 0x00007ffe55c3a000 	D:\Program Files\Android Studio\jbr\bin\jimage.dll
0x00007ffe59d70000 - 0x00007ffe59f9e000 	C:\WINDOWS\SYSTEM32\DBGHELP.DLL
0x00007ffe5f390000 - 0x00007ffe5f71a000 	C:\WINDOWS\System32\combase.dll
0x00007ffe5f2b0000 - 0x00007ffe5f387000 	C:\WINDOWS\System32\OLEAUT32.dll
0x00007ffe1ff80000 - 0x00007ffe1ffb2000 	C:\WINDOWS\SYSTEM32\dbgcore.DLL
0x00007ffe5d270000 - 0x00007ffe5d2ea000 	C:\WINDOWS\System32\bcryptPrimitives.dll
0x00007ffe3ab50000 - 0x00007ffe3ab75000 	D:\Program Files\Android Studio\jbr\bin\java.dll
0x00007ffe3ad80000 - 0x00007ffe3ad98000 	D:\Program Files\Android Studio\jbr\bin\zip.dll
0x00007ffe5dd90000 - 0x00007ffe5e5b3000 	C:\WINDOWS\System32\SHELL32.dll
0x00007ffe5abe0000 - 0x00007ffe5b4ca000 	C:\WINDOWS\SYSTEM32\windows.storage.dll
0x00007ffe5aaa0000 - 0x00007ffe5abde000 	C:\WINDOWS\SYSTEM32\wintypes.dll
0x00007ffe5d6c0000 - 0x00007ffe5d7b3000 	C:\WINDOWS\System32\SHCORE.dll
0x00007ffe5e9a0000 - 0x00007ffe5e9fe000 	C:\WINDOWS\System32\shlwapi.dll
0x00007ffe5cc10000 - 0x00007ffe5cc36000 	C:\WINDOWS\SYSTEM32\profapi.dll
0x00007ffe3a5b0000 - 0x00007ffe3a5c9000 	D:\Program Files\Android Studio\jbr\bin\net.dll
0x00007ffe52b20000 - 0x00007ffe52c57000 	C:\WINDOWS\SYSTEM32\WINHTTP.dll
0x00007ffe5c120000 - 0x00007ffe5c189000 	C:\WINDOWS\system32\mswsock.dll
0x00007ffe3a590000 - 0x00007ffe3a5a6000 	D:\Program Files\Android Studio\jbr\bin\nio.dll
0x00007ffe52c60000 - 0x00007ffe52c70000 	D:\Program Files\Android Studio\jbr\bin\verify.dll

dbghelp: loaded successfully - version: 4.0.5 - missing functions: none
symbol engine: initialized successfully - sym options: 0x614 - pdb path: .;D:\Program Files\Android Studio\jbr\bin;C:\WINDOWS\SYSTEM32;C:\WINDOWS\WinSxS\amd64_microsoft.windows.common-controls_6595b64144ccf1df_6.0.22621.2215_none_270d72677387dfc3;D:\Program Files\Android Studio\jbr\bin\server

VM Arguments:
java_command: org.jetbrains.kotlin.cli.jvm.K2JVMCompiler @D:\AndroidSDK\projects\Test3\app\build\20240907_1662715586389560966.compiler.options
java_class_path (initial): C:\Users\Asain\.gradle\caches\modules-2\files-2.1\org.jetbrains.kotlin\kotlin-compiler-embeddable\1.9.0\2c8c3a7402becca891f12739b3e9fd2dc2adbd7a\kotlin-compiler-embeddable-1.9.0.jar;C:\Users\Asain\.gradle\caches\modules-2\files-2.1\org.jetbrains.kotlin\kotlin-stdlib\1.9.0\8ee15ef0c67dc83d874f412d84378d7f0eb50b63\kotlin-stdlib-1.9.0.jar;C:\Users\Asain\.gradle\caches\modules-2\files-2.1\org.jetbrains.kotlin\kotlin-script-runtime\1.9.0\4b3102cbbb7e1b58d9d1adf89563f00069ffa7d1\kotlin-script-runtime-1.9.0.jar;C:\Users\Asain\.gradle\caches\modules-2\files-2.1\org.jetbrains.kotlin\kotlin-reflect\1.6.10\1cbe9c92c12a94eea200d23c2bbaedaf3daf5132\kotlin-reflect-1.6.10.jar;C:\Users\Asain\.gradle\caches\modules-2\files-2.1\org.jetbrains.kotlin\kotlin-daemon-embeddable\1.9.0\186543f5e28cf8d9a0290fecc2cf34301c40a65c\kotlin-daemon-embeddable-1.9.0.jar;C:\Users\Asain\.gradle\caches\modules-2\files-2.1\org.jetbrains.intellij.deps\trove4j\1.0.20200330\3afb14d5f9ceb459d724e907a21145e8ff394f02\trove4j-1.0.20200330.jar;C:\Users\Asain\.gradle\caches\modules-2\files-2.1\org.jetbrains.kotlin\kotlin-stdlib-common\1.9.0\cd65c21cfd1eec4d44ef09f9f52b6d9f8a720636\kotlin-stdlib-common-1.9.0.jar;C:\Users\Asain\.gradle\caches\modules-2\files-2.1\org.jetbrains\annotations\13.0\919f0dfe192fb4e063e7dacadee7f8bb9a2672a9\annotations-13.0.jar
Launcher Type: SUN_STANDARD

[Global flags]
     intx CICompilerCount                          = 4                                         {product} {ergonomic}
     uint ConcGCThreads                            = 2                                         {product} {ergonomic}
     uint G1ConcRefinementThreads                  = 8                                         {product} {ergonomic}
   size_t G1HeapRegionSize                         = 1048576                                   {product} {ergonomic}
    uintx GCDrainStackTargetSize                   = 64                                        {product} {ergonomic}
   size_t InitialHeapSize                          = 127926272                                 {product} {ergonomic}
   size_t MarkStackSize                            = 4194304                                   {product} {ergonomic}
   size_t MaxHeapSize                              = 2040528896                                {product} {ergonomic}
   size_t MaxNewSize                               = 1223688192                                {product} {ergonomic}
   size_t MinHeapDeltaBytes                        = 1048576                                   {product} {ergonomic}
   size_t MinHeapSize                              = 8388608                                   {product} {ergonomic}
    uintx NonNMethodCodeHeapSize                   = 5839372                                {pd product} {ergonomic}
    uintx NonProfiledCodeHeapSize                  = 122909434                              {pd product} {ergonomic}
    uintx ProfiledCodeHeapSize                     = 122909434                              {pd product} {ergonomic}
    uintx ReservedCodeCacheSize                    = 251658240                              {pd product} {ergonomic}
     bool SegmentedCodeCache                       = true                                      {product} {ergonomic}
   size_t SoftMaxHeapSize                          = 2040528896                             {manageable} {ergonomic}
     bool UseCompressedClassPointers               = true                           {product lp64_product} {ergonomic}
     bool UseCompressedOops                        = true                           {product lp64_product} {ergonomic}
     bool UseG1GC                                  = true                                      {product} {ergonomic}
     bool UseLargePagesIndividualAllocation        = false                                  {pd product} {ergonomic}

Logging:
Log output configuration:
 #0: stdout all=warning uptime,level,tags
 #1: stderr all=off uptime,level,tags

Environment Variables:
PATH=C:\Program Files\Common Files\Oracle\Java\javapath;C:\Program Files (x86)\VMware\VMware Workstation\bin\;C:\Program Files (x86)\Common Files\Oracle\Java\javapath;C:\WINDOWS\system32;C:\WINDOWS;C:\WINDOWS\System32\Wbem;C:\WINDOWS\System32\WindowsPowerShell\v1.0\;C:\WINDOWS\System32\OpenSSH\;C:\Program Files\dotnet\;C:\Program Files\Microsoft SQL Server\130\Tools\Binn\;C:\Program Files (x86)\GTK2-Runtime\bin;C:\PROGRA~2\JPSoft\4dos;C:\Program Files (x86)\Microsoft SDKs\TypeScript\1.0\;C:\Program Files (x86)\dotnet\;C:\Program Files (x86)\swipl\bin;C:\Program Files\Git\cmd;C:\Users\Asain\AppData\Local\Microsoft\WindowsApps
USERNAME=Asain
OS=Windows_NT
PROCESSOR_IDENTIFIER=Intel64 Family 6 Model 126 Stepping 5, GenuineIntel
TMP=C:\Users\Asain\AppData\Local\Temp
TEMP=C:\Users\Asain\AppData\Local\Temp



Periodic native trim disabled

JNI global refs:
JNI global refs: 11, weak refs: 14

JNI global refs memory usage: 843, weak refs: 841

Process memory usage:
Resident Set Size: 283288K (3% of 7964824K total physical memory with 401456K free physical memory)

OOME stack traces (most recent first):
Classloader memory used:
Loader jdk.internal.loader.ClassLoaders$AppClassLoader                                 : 5294K
Loader bootstrap                                                                       : 1299K
Loader java.net.URLClassLoader                                                         : 39496B
Loader jdk.internal.reflect.DelegatingClassLoader                                      : 12608B


---------------  S Y S T E M  ---------------

OS:
 Windows 11 , 64 bit Build 22621 (10.0.22621.2215)
OS uptime: 6 days 15:53 hours

CPU: total 8 (initial active 8) (4 cores per cpu, 2 threads per core) family 6 model 126 stepping 5 microcode 0xbc, cx8, cmov, fxsr, ht, mmx, 3dnowpref, sse, sse2, sse3, ssse3, sse4.1, sse4.2, popcnt, lzcnt, tsc, tscinvbit, avx, avx2, aes, erms, clmul, bmi1, bmi2, adx, avx512f, avx512dq, avx512cd, avx512bw, avx512vl, sha, fma, vzeroupper, avx512_vpopcntdq, avx512_vpclmulqdq, avx512_vaes, avx512_vnni, clflush, clflushopt, avx512_vbmi2, avx512_vbmi
Processor Information for all 8 processors :
  Max Mhz: 1498, Current Mhz: 1198, Mhz Limit: 1198

Memory: 4k page, system-wide physical 7778M (387M free)
TotalPageFile size 11874M (AvailPageFile size 116M)
current process WorkingSet (physical memory assigned to process): 278M, peak: 280M
current process commit charge ("private bytes"): 314M, peak: 448M

vm_info: OpenJDK 64-Bit Server VM (17.0.11+0--11852314) for windows-amd64 JRE (17.0.11+0--11852314), built on May 16 2024 21:29:20 by "androidbuild" with MS VC++ 16.10 / 16.11 (VS2019)

END.
